C:\USERS\HP\DESKTOP\CSHARPMAXSUM\LIBMAXSUM\DEBUG\LIBMAXSUM.PCH
C:\USERS\HP\DESKTOP\CSHARPMAXSUM\LIBMAXSUM\DEBUG\STDAFX.OBJ
C:\USERS\HP\DESKTOP\CSHARPMAXSUM\LIBMAXSUM\DEBUG\VC110.PDB
C:\USERS\HP\DESKTOP\CSHARPMAXSUM\LIBMAXSUM\DEBUG\DLLMAIN.OBJ
C:\USERS\HP\DESKTOP\CSHARPMAXSUM\LIBMAXSUM\DEBUG\LIBMAXSUM.OBJ
C:\Users\hp\Desktop\csharpmaxsum\Debug\libmaxsum.lib
C:\Users\hp\Desktop\csharpmaxsum\Debug\libmaxsum.exp
C:\USERS\HP\DESKTOP\CSHARPMAXSUM\DEBUG\LIBMAXSUM.ILK
C:\USERS\HP\DESKTOP\CSHARPMAXSUM\DEBUG\LIBMAXSUM.DLL
C:\USERS\HP\DESKTOP\CSHARPMAXSUM\DEBUG\LIBMAXSUM.PDB
C:\Users\hp\Desktop\csharpmaxsum\libmaxsum\Debug\dllmain.obj
C:\Users\hp\Desktop\csharpmaxsum\libmaxsum\Debug\libmaxsum.obj
C:\Users\hp\Desktop\csharpmaxsum\libmaxsum\Debug\stdafx.obj
C:\Users\hp\Desktop\csharpmaxsum\libmaxsum\Debug\cl.command.1.tlog
C:\Users\hp\Desktop\csharpmaxsum\libmaxsum\Debug\CL.read.1.tlog
C:\Users\hp\Desktop\csharpmaxsum\libmaxsum\Debug\CL.write.1.tlog
C:\Users\hp\Desktop\csharpmaxsum\libmaxsum\Debug\libmaxsum.write.1.tlog
C:\Users\hp\Desktop\csharpmaxsum\libmaxsum\Debug\link-cvtres.read.1.tlog
C:\Users\hp\Desktop\csharpmaxsum\libmaxsum\Debug\link-cvtres.write.1.tlog
C:\Users\hp\Desktop\csharpmaxsum\libmaxsum\Debug\link-rc.read.1.tlog
C:\Users\hp\Desktop\csharpmaxsum\libmaxsum\Debug\link-rc.write.1.tlog
C:\Users\hp\Desktop\csharpmaxsum\libmaxsum\Debug\link.command.1.tlog
C:\Users\hp\Desktop\csharpmaxsum\libmaxsum\Debug\link.read.1.tlog
C:\Users\hp\Desktop\csharpmaxsum\libmaxsum\Debug\link.write.1.tlog
C:\Users\hp\Desktop\csharpmaxsum\libmaxsum\Debug\libmaxsum.pch
C:\Users\hp\Desktop\csharpmaxsum\libmaxsum\Debug\vc110.idb
C:\Users\hp\Desktop\csharpmaxsum\libmaxsum\Debug\vc110.pdb
C:\Users\hp\Desktop\csharpmaxsum\Debug\libmaxsum.pdb
C:\Users\hp\Desktop\csharpmaxsum\Debug\libmaxsum.dll
C:\Users\hp\Desktop\csharpmaxsum\Debug\libmaxsum.ilk
